{"C:\\SEMESTER - 6\\Capstone\\project\\sugar-cubed-creation\\app\\checkout\\page.tsx": {"path":"C:\\SEMESTER - 6\\Capstone\\project\\sugar-cubed-creation\\app\\checkout\\page.tsx","statementMap":{"0":{"start":{"line":2,"column":24},"end":{"line":2,"column":null}},"1":{"start":{"line":1,"column":27},"end":{"line":1,"column":null}},"2":{"start":{"line":3,"column":2},"end":{"line":3,"column":null}}},"fnMap":{"0":{"name":"CheckoutPage","decl":{"start":{"line":2,"column":24},"end":{"line":2,"column":null}},"loc":{"start":{"line":2,"column":24},"end":{"line":4,"column":null}}}},"branchMap":{},"s":{"0":1,"1":1,"2":1},"f":{"0":1},"b":{}}
,"C:\\SEMESTER - 6\\Capstone\\project\\sugar-cubed-creation\\app\\checkout\\success\\page.tsx": {"path":"C:\\SEMESTER - 6\\Capstone\\project\\sugar-cubed-creation\\app\\checkout\\success\\page.tsx","statementMap":{"0":{"start":{"line":5,"column":24},"end":{"line":5,"column":null}},"1":{"start":{"line":2,"column":25},"end":{"line":2,"column":null}},"2":{"start":{"line":3,"column":26},"end":{"line":3,"column":null}}},"fnMap":{"0":{"name":"SuccessPage","decl":{"start":{"line":5,"column":24},"end":{"line":5,"column":null}},"loc":{"start":{"line":5,"column":24},"end":{"line":11,"column":null}}}},"branchMap":{},"s":{"0":1,"1":1,"2":1},"f":{"0":1},"b":{}}
}
