TN:
SF:app\api\admin\payments\[paymentId]\capture\route.ts
FN:4,POST
FN:18,(anonymous_1)
FN:64,(anonymous_2)
FNF:3
FNH:2
FNDA:8,POST
FNDA:0,(anonymous_1)
FNDA:1,(anonymous_2)
DA:8,8
DA:10,8
DA:11,8
DA:12,8
DA:13,1
DA:18,7
DA:21,7
DA:22,1
DA:29,6
DA:33,6
DA:34,1
DA:37,5
DA:38,1
DA:40,4
DA:41,0
DA:46,4
DA:50,8
DA:58,4
DA:59,4
DA:60,4
DA:63,2
DA:64,1
DA:65,1
DA:69,1
DA:75,1
DA:80,1
DA:86,2
LF:27
LH:26
BRDA:10,0,0,8
BRDA:10,0,1,0
BRDA:11,1,0,8
BRDA:11,1,1,0
BRDA:12,2,0,1
BRDA:12,2,1,7
BRDA:21,3,0,1
BRDA:21,3,1,6
BRDA:21,4,0,7
BRDA:21,4,1,3
BRDA:33,5,0,1
BRDA:33,5,1,5
BRDA:37,6,0,1
BRDA:37,6,1,4
BRDA:37,7,0,5
BRDA:37,7,1,3
BRDA:40,8,0,0
BRDA:40,8,1,4
BRDA:40,9,0,4
BRDA:40,9,1,2
BRDA:46,10,0,2
BRDA:46,10,1,2
BRDA:59,11,0,2
BRDA:59,11,1,2
BRDA:63,12,0,1
BRDA:63,12,1,1
BRF:26
BRH:23
end_of_record
TN:
SF:app\api\admin\payments\[paymentId]\refund\route.ts
FN:5,POST
FN:19,(anonymous_1)
FNF:2
FNH:1
FNDA:7,POST
FNDA:0,(anonymous_1)
DA:9,7
DA:11,7
DA:12,7
DA:13,7
DA:14,1
DA:19,6
DA:25,6
DA:28,6
DA:29,1
DA:32,5
DA:33,5
DA:34,1
DA:40,4
DA:41,7
DA:42,1
DA:48,3
DA:49,3
DA:56,7
DA:65,3
DA:66,3
DA:67,1
DA:71,2
DA:77,2
DA:78,2
DA:79,1
DA:86,2
LF:26
LH:26
BRDA:11,0,0,7
BRDA:11,0,1,0
BRDA:12,1,0,7
BRDA:12,1,1,0
BRDA:13,2,0,1
BRDA:13,2,1,6
BRDA:28,3,0,1
BRDA:28,3,1,5
BRDA:33,4,0,1
BRDA:33,4,1,4
BRDA:40,5,0,4
BRDA:40,5,1,0
BRDA:40,5,2,0
BRDA:41,6,0,1
BRDA:41,6,1,6
BRDA:41,7,0,7
BRDA:41,7,1,3
BRDA:52,8,0,3
BRDA:52,8,1,0
BRDA:53,9,0,7
BRDA:53,9,1,1
BRDA:66,10,0,1
BRDA:66,10,1,2
BRDA:78,11,0,1
BRDA:78,11,1,1
BRF:25
BRH:20
end_of_record
TN:
SF:app\api\square\pay\route.ts
FN:18,POST
FN:19,(anonymous_1)
FN:142,(anonymous_2)
FNF:3
FNH:2
FNDA:12,POST
FNDA:0,(anonymous_1)
FNDA:3,(anonymous_2)
DA:7,1
DA:8,1
DA:19,12
DA:25,12
DA:27,12
DA:28,1
DA:34,11
DA:36,11
DA:40,12
DA:41,12
DA:43,12
DA:44,1
DA:48,10
DA:49,10
DA:55,9
DA:56,9
DA:57,1
DA:58,8
DA:59,1
DA:67,7
DA:70,7
DA:71,1
DA:77,6
DA:80,12
DA:89,12
DA:92,6
DA:93,6
DA:102,5
DA:103,5
DA:104,1
DA:105,1
DA:111,1
DA:117,4
DA:118,12
DA:119,12
DA:120,12
DA:121,12
DA:124,12
DA:126,12
DA:130,12
DA:134,12
DA:135,1
DA:142,3
DA:143,3
DA:158,3
DA:165,3
DA:166,3
DA:167,2
DA:168,1
DA:171,1
DA:174,3
LF:51
LH:51
BRDA:27,0,0,1
BRDA:27,0,1,11
BRDA:27,1,0,12
BRDA:27,1,1,12
BRDA:36,2,0,11
BRDA:36,2,1,1
BRDA:36,2,2,1
BRDA:40,3,0,12
BRDA:40,3,1,0
BRDA:41,4,0,12
BRDA:41,4,1,0
BRDA:43,5,0,1
BRDA:43,5,1,11
BRDA:48,6,0,1
BRDA:48,6,1,9
BRDA:56,7,0,1
BRDA:56,7,1,8
BRDA:58,8,0,1
BRDA:58,8,1,7
BRDA:70,9,0,1
BRDA:70,9,1,6
BRDA:77,10,0,6
BRDA:77,10,1,6
BRDA:89,11,0,0
BRDA:89,11,1,12
BRDA:103,12,0,1
BRDA:103,12,1,4
BRDA:104,13,0,1
BRDA:104,13,1,0
BRDA:112,14,0,1
BRDA:112,14,1,0
BRDA:118,15,0,12
BRDA:118,15,1,0
BRDA:119,16,0,12
BRDA:119,16,1,0
BRDA:120,17,0,12
BRDA:120,17,1,0
BRDA:122,18,0,12
BRDA:122,18,1,0
BRDA:124,19,0,12
BRDA:124,19,1,3
BRDA:126,20,0,12
BRDA:126,20,1,3
BRDA:126,20,2,3
BRDA:130,21,0,12
BRDA:130,21,1,3
BRDA:130,21,2,3
BRDA:134,22,0,1
BRDA:134,22,1,11
BRDA:167,23,0,1
BRDA:167,23,1,1
BRF:51
BRH:42
end_of_record
TN:
SF:app\api\square\webhook\route.ts
FN:16,POST
FN:165,timingSafeEq
FNF:2
FNH:2
FNDA:11,POST
FNDA:12,timingSafeEq
DA:5,1
DA:6,1
DA:18,11
DA:21,11
DA:25,11
DA:26,11
DA:28,11
DA:30,11
DA:31,1
DA:38,10
DA:39,10
DA:40,10
DA:42,10
DA:45,10
DA:46,2
DA:47,2
DA:48,2
DA:49,2
DA:50,2
DA:54,10
DA:55,1
DA:60,9
DA:61,9
DA:63,1
DA:66,8
DA:67,11
DA:70,7
DA:71,3
DA:72,3
DA:73,3
DA:74,3
DA:75,3
DA:76,3
DA:79,3
DA:80,1
DA:83,2
DA:85,2
DA:89,2
DA:90,2
DA:100,2
DA:101,1
DA:108,2
DA:109,1
DA:126,6
DA:133,2
DA:134,2
DA:135,2
DA:137,2
DA:139,2
DA:140,2
DA:145,2
DA:146,1
DA:152,2
DA:153,1
DA:162,6
DA:166,12
DA:167,12
DA:168,12
DA:169,12
DA:170,9
DA:172,0
LF:61
LH:60
BRDA:21,0,0,11
BRDA:21,0,1,0
BRDA:21,0,2,0
BRDA:25,1,0,11
BRDA:25,1,1,0
BRDA:26,2,0,11
BRDA:26,2,1,1
BRDA:30,3,0,1
BRDA:30,3,1,10
BRDA:30,4,0,11
BRDA:30,4,1,11
BRDA:45,5,0,2
BRDA:45,5,1,8
BRDA:45,6,0,10
BRDA:45,6,1,2
BRDA:54,7,0,1
BRDA:54,7,1,9
BRDA:66,8,0,8
BRDA:66,8,1,1
BRDA:66,8,2,1
BRDA:67,9,0,1
BRDA:67,9,1,10
BRDA:70,10,0,3
BRDA:70,10,1,4
BRDA:70,11,0,7
BRDA:70,11,1,7
BRDA:72,12,0,3
BRDA:72,12,1,0
BRDA:73,13,0,3
BRDA:73,13,1,0
BRDA:74,14,0,3
BRDA:74,14,1,0
BRDA:75,15,0,3
BRDA:75,15,1,0
BRDA:76,16,0,3
BRDA:76,16,1,0
BRDA:79,17,0,1
BRDA:79,17,1,2
BRDA:79,18,0,3
BRDA:79,18,1,3
BRDA:89,19,0,2
BRDA:89,19,1,0
BRDA:94,20,0,2
BRDA:94,20,1,0
BRDA:100,21,0,1
BRDA:100,21,1,1
BRDA:108,22,0,1
BRDA:108,22,1,1
BRDA:108,23,0,2
BRDA:108,23,1,2
BRDA:126,24,0,2
BRDA:126,24,1,4
BRDA:127,25,0,6
BRDA:127,25,1,6
BRDA:127,25,2,4
BRDA:127,25,3,4
BRDA:127,25,4,4
BRDA:137,26,0,2
BRDA:137,26,1,0
BRDA:145,27,0,1
BRDA:145,27,1,1
BRDA:152,28,0,1
BRDA:152,28,1,1
BRDA:169,29,0,3
BRDA:169,29,1,9
BRF:65
BRH:54
end_of_record
TN:
SF:tests\__mocks__\prisma.ts
FN:9,(anonymous_0)
FN:12,(anonymous_1)
FN:15,(anonymous_2)
FN:16,(anonymous_3)
FN:17,(anonymous_4)
FN:24,(anonymous_5)
FN:35,(anonymous_6)
FN:43,(anonymous_7)
FN:50,(anonymous_8)
FN:58,(anonymous_9)
FN:63,(anonymous_10)
FN:77,seedOrder
FN:90,seedPayment
FN:106,resetDb
FNF:14
FNH:12
FNDA:4,(anonymous_0)
FNDA:4,(anonymous_1)
FNDA:18,(anonymous_2)
FNDA:0,(anonymous_3)
FNDA:8,(anonymous_4)
FNDA:4,(anonymous_5)
FNDA:0,(anonymous_6)
FNDA:19,(anonymous_7)
FNDA:7,(anonymous_8)
FNDA:4,(anonymous_9)
FNDA:6,(anonymous_10)
FNDA:25,seedOrder
FNDA:13,seedPayment
FNDA:38,resetDb
DA:3,4
DA:8,4
DA:9,4
DA:11,4
DA:12,4
DA:15,18
DA:16,0
DA:18,8
DA:19,8
DA:20,8
DA:21,8
DA:22,8
DA:25,4
DA:26,4
DA:27,4
DA:28,4
DA:29,4
DA:30,4
DA:33,4
DA:36,0
DA:37,0
DA:38,0
DA:44,19
DA:45,18
DA:46,18
DA:48,2
DA:51,7
DA:52,1
DA:53,1
DA:54,1
DA:56,6
DA:59,4
DA:60,4
DA:61,4
DA:65,6
DA:66,6
DA:67,2
DA:69,6
DA:70,6
DA:71,6
DA:72,6
DA:78,25
DA:86,25
DA:87,25
DA:91,13
DA:92,13
DA:102,13
DA:103,13
DA:107,38
DA:108,38
DA:109,38
LF:51
LH:47
BRDA:15,0,0,18
BRDA:15,0,1,1
BRDA:19,1,0,0
BRDA:19,1,1,8
BRDA:27,2,0,4
BRDA:27,2,1,4
BRDA:27,3,0,4
BRDA:27,3,1,0
BRDA:28,4,0,4
BRDA:28,4,1,0
BRDA:36,5,0,0
BRDA:36,5,1,0
BRDA:44,6,0,1
BRDA:44,6,1,18
BRDA:44,7,0,1
BRDA:44,7,1,0
BRDA:45,8,0,18
BRDA:45,8,1,0
BRDA:46,9,0,16
BRDA:46,9,1,0
BRDA:52,10,0,1
BRDA:52,10,1,1
BRDA:53,11,0,1
BRDA:53,11,1,1
BRDA:54,12,0,1
BRDA:54,12,1,0
BRDA:54,13,0,1
BRDA:54,13,1,1
BRDA:59,14,0,4
BRDA:59,14,1,4
BRDA:65,15,0,4
BRDA:65,15,1,2
BRDA:66,16,0,2
BRDA:66,16,1,4
BRDA:66,17,0,6
BRDA:66,17,1,2
BRDA:67,18,0,2
BRDA:67,18,1,0
BRDA:69,19,0,0
BRDA:69,19,1,6
BRDA:77,20,0,25
BRDA:79,21,0,25
BRDA:79,21,1,25
BRDA:80,22,0,25
BRDA:80,22,1,3
BRDA:81,23,0,25
BRDA:81,23,1,21
BRDA:82,24,0,25
BRDA:82,24,1,23
BRDA:83,25,0,25
BRDA:83,25,1,25
BRDA:90,26,0,13
BRDA:91,27,0,0
BRDA:91,27,1,13
BRDA:93,28,0,13
BRDA:93,28,1,13
BRDA:96,29,0,13
BRDA:96,29,1,0
BRDA:97,30,0,13
BRDA:97,30,1,0
BRDA:98,31,0,13
BRDA:98,31,1,4
BRDA:99,32,0,13
BRDA:99,32,1,9
BRF:64
BRH:50
end_of_record
